Arguments: 
  /usr/bin/node /usr/bin/yarn add express-swagger-generator

PATH: 
  /usr/local/sbin:/usr/local/bin:/usr/bin:/home/amekiri/.dotnet/tools:/var/lib/flatpak/exports/bin:/usr/lib/jvm/default/bin:/usr/bin/site_perl:/usr/bin/vendor_perl:/usr/bin/core_perl:/home/amekiri/IdeaProjects/Kiripedia/node_modules/.bin

Yarn version: 
  1.22.19

Node version: 
  20.4.0

Platform: 
  linux x64

Trace: 
  AggregateError
      at internalConnectMultiple (node:net:1111:18)
      at internalConnectMultiple (node:net:1174:5)
      at Timeout.internalConnectMultipleTimeout (node:net:1683:3)
      at listOnTimeout (node:internal/timers:575:11)
      at process.processTimers (node:internal/timers:514:7)

npm manifest: 
  {
    "name": "kiripedia",
    "version": "0.0.0",
    "private": true,
    "scripts": {
      "start": "node ./bin/www"
    },
    "dependencies": {
      "cookie-parser": "~1.4.4",
      "debug": "~2.6.9",
      "express": "~4.16.1",
      "http-errors": "~1.6.3",
      "morgan": "~1.9.1",
      "mysql": "^2.18.1",
      "pug": "2.0.0-beta11"
    }
  }

yarn manifest: 
  No manifest

Lockfile: 
  No lockfile
